execve("./hello", ["./hello"], [/* 86 vars */]) = 0 <0.000105>
brk(NULL)                               = 0xa68000 <0.000004>
access("/etc/ld.so.nohwcap", F_OK)      = -1 ENOENT (No such file or directory) <0.000005>
access("/etc/ld.so.preload", R_OK)      = -1 ENOENT (No such file or directory) <0.000005>
open("/usr/local/cuda/lib64/tls/x86_64/libc.so.6", O_RDONLY|O_CLOEXEC) = -1 ENOENT (No such file or directory) <0.000006>
stat("/usr/local/cuda/lib64/tls/x86_64", 0x7ffffd3f3cf0) = -1 ENOENT (No such file or directory) <0.000004>
open("/usr/local/cuda/lib64/tls/libc.so.6", O_RDONLY|O_CLOEXEC) = -1 ENOENT (No such file or directory) <0.000005>
stat("/usr/local/cuda/lib64/tls", 0x7ffffd3f3cf0) = -1 ENOENT (No such file or directory) <0.000005>
open("/usr/local/cuda/lib64/x86_64/libc.so.6", O_RDONLY|O_CLOEXEC) = -1 ENOENT (No such file or directory) <0.000005>
stat("/usr/local/cuda/lib64/x86_64", 0x7ffffd3f3cf0) = -1 ENOENT (No such file or directory) <0.000004>
open("/usr/local/cuda/lib64/libc.so.6", O_RDONLY|O_CLOEXEC) = -1 ENOENT (No such file or directory) <0.000004>
stat("/usr/local/cuda/lib64", 0x7ffffd3f3cf0) = -1 ENOENT (No such file or directory) <0.000004>
open("tls/x86_64/libc.so.6", O_RDONLY|O_CLOEXEC) = -1 ENOENT (No such file or directory) <0.000005>
open("tls/libc.so.6", O_RDONLY|O_CLOEXEC) = -1 ENOENT (No such file or directory) <0.000005>
open("x86_64/libc.so.6", O_RDONLY|O_CLOEXEC) = -1 ENOENT (No such file or directory) <0.000005>
open("libc.so.6", O_RDONLY|O_CLOEXEC)   = -1 ENOENT (No such file or directory) <0.000005>
open("/etc/ld.so.cache", O_RDONLY|O_CLOEXEC) = 3 <0.000005>
fstat(3, {st_mode=S_IFREG|0644, st_size=102772, ...}) = 0 <0.000005>
mmap(NULL, 102772, PROT_READ, MAP_PRIVATE, 3, 0) = 0x7fe80496c000 <0.000005>
close(3)                                = 0 <0.000004>
access("/etc/ld.so.nohwcap", F_OK)      = -1 ENOENT (No such file or directory) <0.000005>
open("/lib/x86_64-linux-gnu/libc.so.6", O_RDONLY|O_CLOEXEC) = 3 <0.000005>
read(3, "\177ELF\2\1\1\3\0\0\0\0\0\0\0\0\3\0>\0\1\0\0\0P\t\2\0\0\0\0\0"..., 832) = 832 <0.000004>
fstat(3, {st_mode=S_IFREG|0755, st_size=1868984, ...}) = 0 <0.000004>
mmap(NULL, 4096, PROT_READ|PROT_WRITE, MAP_PRIVATE|MAP_ANONYMOUS, -1, 0) = 0x7fe80496b000 <0.000005>
mmap(NULL, 3971488, PROT_READ|PROT_EXEC, MAP_PRIVATE|MAP_DENYWRITE, 3, 0) = 0x7fe804397000 <0.000006>
mprotect(0x7fe804557000, 2097152, PROT_NONE) = 0 <0.000008>
mmap(0x7fe804757000, 24576, PROT_READ|PROT_WRITE, MAP_PRIVATE|MAP_FIXED|MAP_DENYWRITE, 3, 0x1c0000) = 0x7fe804757000 <0.000007>
mmap(0x7fe80475d000, 14752, PROT_READ|PROT_WRITE, MAP_PRIVATE|MAP_FIXED|MAP_ANONYMOUS, -1, 0) = 0x7fe80475d000 <0.000005>
close(3)                                = 0 <0.000004>
mmap(NULL, 4096, PROT_READ|PROT_WRITE, MAP_PRIVATE|MAP_ANONYMOUS, -1, 0) = 0x7fe80496a000 <0.000005>
mmap(NULL, 4096, PROT_READ|PROT_WRITE, MAP_PRIVATE|MAP_ANONYMOUS, -1, 0) = 0x7fe804969000 <0.000005>
arch_prctl(ARCH_SET_FS, 0x7fe80496a700) = 0 <0.000006>
mprotect(0x7fe804757000, 16384, PROT_READ) = 0 <0.000007>
mprotect(0x600000, 4096, PROT_READ)     = 0 <0.000005>
mprotect(0x7fe804986000, 4096, PROT_READ) = 0 <0.000005>
munmap(0x7fe80496c000, 102772)          = 0 <0.000012>
fstat(1, {st_mode=S_IFCHR|0620, st_rdev=makedev(136, 17), ...}) = 0 <0.000004>
brk(NULL)                               = 0xa68000 <0.000005>
brk(0xa89000)                           = 0xa89000 <0.000005>
write(1, "hello world\n", 12)           = 12 <0.000012>
exit_group(0)                           = ?
+++ exited with 0 +++
